<?xml version="1.0" encoding="UTF-8"?>
<testsuite name="com.yogi.CucumberTest" tests="1" skipped="0" failures="0" errors="0" timestamp="2023-08-02T01:28:55" hostname="YOGI" time="0.097">
  <properties/>
  <testcase name="Login using valid email and password" classname="com.yogi.CucumberTest" time="0.097"/>
  <system-out><![CDATA[
Scenario: Login using valid email and password ?[90m# src/test/resources/login.feature:3?[0m
  ?[32mGiven ?[0m?[32muser is on login page?[0m                  ?[90m# com.yogi.MyStepdefs.MyStepdefs.userIsOnLoginPage()?[0m
  ?[32mAnd ?[0m?[32muser input username with ?[0m?[32m?[1m"standard_user"?[0m ?[90m# com.yogi.MyStepdefs.MyStepdefs.userInputUsernameWith(java.lang.String)?[0m
  ?[32mAnd ?[0m?[32muser input password with ?[0m?[32m?[1m"secret_sauce"?[0m  ?[90m# com.yogi.MyStepdefs.MyStepdefs.userInputPasswordWith(java.lang.String)?[0m
  ?[32mWhen ?[0m?[32muser click login button?[0m                 ?[90m# com.yogi.MyStepdefs.MyStepdefs.userClickLoginButton()?[0m
  ?[32mThen ?[0m?[32muser is on homepage?[0m                     ?[90m# com.yogi.MyStepdefs.MyStepdefs.userIsOnHomepage()?[0m
]]></system-out>
  <system-err><![CDATA[]]></system-err>
</testsuite>
